<html>
<head>
<title>TestNG:  TCID57</title>
<link href="../testng.css" rel="stylesheet" type="text/css" />
<link href="../my-testng.css" rel="stylesheet" type="text/css" />

<style type="text/css">
.log { display: none;} 
.stack-trace { display: none;} 
</style>
<script type="text/javascript">
<!--
function flip(e) {
  current = e.style.display;
  if (current == 'block') {
    e.style.display = 'none';
    return 0;
  }
  else {
    e.style.display = 'block';
    return 1;
  }
}

function toggleBox(szDivId, elem, msg1, msg2)
{
  var res = -1;  if (document.getElementById) {
    res = flip(document.getElementById(szDivId));
  }
  else if (document.all) {
    // this is the way old msie versions work
    res = flip(document.all[szDivId]);
  }
  if(elem) {
    if(res == 0) elem.innerHTML = msg1; else elem.innerHTML = msg2;
  }

}

function toggleAllBoxes() {
  if (document.getElementsByTagName) {
    d = document.getElementsByTagName('div');
    for (i = 0; i < d.length; i++) {
      if (d[i].className == 'log') {
        flip(d[i]);
      }
    }
  }
}

// -->
</script>

</head>
<body>
<h2 align='center'>TCID57</h2><table border='1' align="center">
<tr>
<td>Tests passed/Failed/Skipped:</td><td>1/0/0</td>
</tr><tr>
<td>Started on:</td><td>Sat Mar 21 13:29:08 IST 2020</td>
</tr>
<tr><td>Total time:</td><td>9 seconds (9048 ms)</td>
</tr><tr>
<td>Included groups:</td><td></td>
</tr><tr>
<td>Excluded groups:</td><td></td>
</tr>
</table><p/>
<small><i>(Hover the method name to see the test class name)</i></small><p/>
<table width='100%' border='1' class='invocation-failed'>
<tr><td colspan='4' align='center'><b>FAILED TESTS</b></td></tr>
<tr><td><b>Test method</b></td>
<td width="30%"><b>Exception</b></td>
<td width="10%"><b>Time (seconds)</b></td>
<td><b>Instance</b></td>
</tr>
<tr>
<td title='testcases.TCID55.fnameNegative()'><b>fnameNegative</b><br>Test class: testcases.TCID55</td>
<td><div><pre>java.lang.AssertionError: TCID55 failed: Didnt show error message with negative test case2
	at automation.AutomationScript.fnameNegativeLength(AutomationScript.java:903)
	at testcases.TCID55.fnameNegative(TCID55.java:11)
	at java.base/java.util.ArrayList.forEach(ArrayList.java:1507)
... Removed 28 stack frames</pre></div><a href='#' onClick='toggleBox("stack-trace774095232", this, "Click to show all stack frames", "Click to hide stack frames")'>Click to show all stack frames</a>
<div class='stack-trace' id='stack-trace774095232'><pre>java.lang.AssertionError: TCID55 failed: Didnt show error message with negative test case2
	at org.testng.Assert.fail(Assert.java:97)
	at automation.AutomationScript.fnameNegativeLength(AutomationScript.java:903)
	at testcases.TCID55.fnameNegative(TCID55.java:11)
	at java.base/jdk.internal.reflect.NativeMethodAccessorImpl.invoke0(Native Method)
	at java.base/jdk.internal.reflect.NativeMethodAccessorImpl.invoke(NativeMethodAccessorImpl.java:62)
	at java.base/jdk.internal.reflect.DelegatingMethodAccessorImpl.invoke(DelegatingMethodAccessorImpl.java:43)
	at java.base/java.lang.reflect.Method.invoke(Method.java:567)
	at org.testng.internal.MethodInvocationHelper.invokeMethod(MethodInvocationHelper.java:134)
	at org.testng.internal.TestInvoker.invokeMethod(TestInvoker.java:597)
	at org.testng.internal.TestInvoker.invokeTestMethod(TestInvoker.java:173)
	at org.testng.internal.MethodRunner.runInSequence(MethodRunner.java:46)
	at org.testng.internal.TestInvoker$MethodInvocationAgent.invoke(TestInvoker.java:816)
	at org.testng.internal.TestInvoker.invokeTestMethods(TestInvoker.java:146)
	at org.testng.internal.TestMethodWorker.invokeTestMethods(TestMethodWorker.java:146)
	at org.testng.internal.TestMethodWorker.run(TestMethodWorker.java:128)
	at java.base/java.util.ArrayList.forEach(ArrayList.java:1507)
	at org.testng.TestRunner.privateRun(TestRunner.java:766)
	at org.testng.TestRunner.run(TestRunner.java:587)
	at org.testng.SuiteRunner.runTest(SuiteRunner.java:384)
	at org.testng.SuiteRunner.runSequentially(SuiteRunner.java:378)
	at org.testng.SuiteRunner.privateRun(SuiteRunner.java:337)
	at org.testng.SuiteRunner.run(SuiteRunner.java:286)
	at org.testng.SuiteRunnerWorker.runSuite(SuiteRunnerWorker.java:53)
	at org.testng.SuiteRunnerWorker.run(SuiteRunnerWorker.java:96)
	at org.testng.TestNG.runSuitesSequentially(TestNG.java:1187)
	at org.testng.TestNG.runSuitesLocally(TestNG.java:1109)
	at org.testng.TestNG.runSuites(TestNG.java:1039)
	at org.testng.TestNG.run(TestNG.java:1007)
	at org.testng.remote.AbstractRemoteTestNG.run(AbstractRemoteTestNG.java:115)
	at org.testng.remote.RemoteTestNG.initAndRun(RemoteTestNG.java:251)
	at org.testng.remote.RemoteTestNG.main(RemoteTestNG.java:77)
</pre></div></td>
<td>11</td>
<td>testcases.TCID55@795cd85e</td></tr>
<tr>
<td title='testcases.TCID52.invalidFname()'><b>invalidFname</b><br>Test class: testcases.TCID52</td>
<td><div><pre>java.lang.AssertionError: TCID52 failed: Didnt show error message with invalid first name
	at automation.AutomationScript.invalidFname(AutomationScript.java:737)
	at testcases.TCID52.invalidFname(TCID52.java:11)
	at java.base/java.util.ArrayList.forEach(ArrayList.java:1507)
... Removed 28 stack frames</pre></div><a href='#' onClick='toggleBox("stack-trace1242427797", this, "Click to show all stack frames", "Click to hide stack frames")'>Click to show all stack frames</a>
<div class='stack-trace' id='stack-trace1242427797'><pre>java.lang.AssertionError: TCID52 failed: Didnt show error message with invalid first name
	at org.testng.Assert.fail(Assert.java:97)
	at automation.AutomationScript.invalidFname(AutomationScript.java:737)
	at testcases.TCID52.invalidFname(TCID52.java:11)
	at java.base/jdk.internal.reflect.NativeMethodAccessorImpl.invoke0(Native Method)
	at java.base/jdk.internal.reflect.NativeMethodAccessorImpl.invoke(NativeMethodAccessorImpl.java:62)
	at java.base/jdk.internal.reflect.DelegatingMethodAccessorImpl.invoke(DelegatingMethodAccessorImpl.java:43)
	at java.base/java.lang.reflect.Method.invoke(Method.java:567)
	at org.testng.internal.MethodInvocationHelper.invokeMethod(MethodInvocationHelper.java:134)
	at org.testng.internal.TestInvoker.invokeMethod(TestInvoker.java:597)
	at org.testng.internal.TestInvoker.invokeTestMethod(TestInvoker.java:173)
	at org.testng.internal.MethodRunner.runInSequence(MethodRunner.java:46)
	at org.testng.internal.TestInvoker$MethodInvocationAgent.invoke(TestInvoker.java:816)
	at org.testng.internal.TestInvoker.invokeTestMethods(TestInvoker.java:146)
	at org.testng.internal.TestMethodWorker.invokeTestMethods(TestMethodWorker.java:146)
	at org.testng.internal.TestMethodWorker.run(TestMethodWorker.java:128)
	at java.base/java.util.ArrayList.forEach(ArrayList.java:1507)
	at org.testng.TestRunner.privateRun(TestRunner.java:766)
	at org.testng.TestRunner.run(TestRunner.java:587)
	at org.testng.SuiteRunner.runTest(SuiteRunner.java:384)
	at org.testng.SuiteRunner.runSequentially(SuiteRunner.java:378)
	at org.testng.SuiteRunner.privateRun(SuiteRunner.java:337)
	at org.testng.SuiteRunner.run(SuiteRunner.java:286)
	at org.testng.SuiteRunnerWorker.runSuite(SuiteRunnerWorker.java:53)
	at org.testng.SuiteRunnerWorker.run(SuiteRunnerWorker.java:96)
	at org.testng.TestNG.runSuitesSequentially(TestNG.java:1187)
	at org.testng.TestNG.runSuitesLocally(TestNG.java:1109)
	at org.testng.TestNG.runSuites(TestNG.java:1039)
	at org.testng.TestNG.run(TestNG.java:1007)
	at org.testng.remote.AbstractRemoteTestNG.run(AbstractRemoteTestNG.java:115)
	at org.testng.remote.RemoteTestNG.initAndRun(RemoteTestNG.java:251)
	at org.testng.remote.RemoteTestNG.main(RemoteTestNG.java:77)
</pre></div></td>
<td>0</td>
<td>testcases.TCID52@188715b5</td></tr>
<tr>
<td title='testcases.TCID56.invalidLname()'><b>invalidLname</b><br>Test class: testcases.TCID56</td>
<td><div><pre>java.lang.AssertionError: TCID56 failed: Didnt show error message with invalid Last name
	at automation.AutomationScript.invalidLname(AutomationScript.java:932)
	at testcases.TCID56.invalidLname(TCID56.java:11)
	at java.base/java.util.ArrayList.forEach(ArrayList.java:1507)
... Removed 28 stack frames</pre></div><a href='#' onClick='toggleBox("stack-trace1187748003", this, "Click to show all stack frames", "Click to hide stack frames")'>Click to show all stack frames</a>
<div class='stack-trace' id='stack-trace1187748003'><pre>java.lang.AssertionError: TCID56 failed: Didnt show error message with invalid Last name
	at org.testng.Assert.fail(Assert.java:97)
	at automation.AutomationScript.invalidLname(AutomationScript.java:932)
	at testcases.TCID56.invalidLname(TCID56.java:11)
	at java.base/jdk.internal.reflect.NativeMethodAccessorImpl.invoke0(Native Method)
	at java.base/jdk.internal.reflect.NativeMethodAccessorImpl.invoke(NativeMethodAccessorImpl.java:62)
	at java.base/jdk.internal.reflect.DelegatingMethodAccessorImpl.invoke(DelegatingMethodAccessorImpl.java:43)
	at java.base/java.lang.reflect.Method.invoke(Method.java:567)
	at org.testng.internal.MethodInvocationHelper.invokeMethod(MethodInvocationHelper.java:134)
	at org.testng.internal.TestInvoker.invokeMethod(TestInvoker.java:597)
	at org.testng.internal.TestInvoker.invokeTestMethod(TestInvoker.java:173)
	at org.testng.internal.MethodRunner.runInSequence(MethodRunner.java:46)
	at org.testng.internal.TestInvoker$MethodInvocationAgent.invoke(TestInvoker.java:816)
	at org.testng.internal.TestInvoker.invokeTestMethods(TestInvoker.java:146)
	at org.testng.internal.TestMethodWorker.invokeTestMethods(TestMethodWorker.java:146)
	at org.testng.internal.TestMethodWorker.run(TestMethodWorker.java:128)
	at java.base/java.util.ArrayList.forEach(ArrayList.java:1507)
	at org.testng.TestRunner.privateRun(TestRunner.java:766)
	at org.testng.TestRunner.run(TestRunner.java:587)
	at org.testng.SuiteRunner.runTest(SuiteRunner.java:384)
	at org.testng.SuiteRunner.runSequentially(SuiteRunner.java:378)
	at org.testng.SuiteRunner.privateRun(SuiteRunner.java:337)
	at org.testng.SuiteRunner.run(SuiteRunner.java:286)
	at org.testng.SuiteRunnerWorker.runSuite(SuiteRunnerWorker.java:53)
	at org.testng.SuiteRunnerWorker.run(SuiteRunnerWorker.java:96)
	at org.testng.TestNG.runSuitesSequentially(TestNG.java:1187)
	at org.testng.TestNG.runSuitesLocally(TestNG.java:1109)
	at org.testng.TestNG.runSuites(TestNG.java:1039)
	at org.testng.TestNG.run(TestNG.java:1007)
	at org.testng.remote.AbstractRemoteTestNG.run(AbstractRemoteTestNG.java:115)
	at org.testng.remote.RemoteTestNG.initAndRun(RemoteTestNG.java:251)
	at org.testng.remote.RemoteTestNG.main(RemoteTestNG.java:77)
</pre></div></td>
<td>6</td>
<td>testcases.TCID56@1d9b7cce</td></tr>
</table><p>
<table width='100%' border='1' class='invocation-passed'>
<tr><td colspan='4' align='center'><b>PASSED TESTS</b></td></tr>
<tr><td><b>Test method</b></td>
<td width="30%"><b>Exception</b></td>
<td width="10%"><b>Time (seconds)</b></td>
<td><b>Instance</b></td>
</tr>
<tr>
<td title='testcases.TCID48.accountLink()'><b>accountLink</b><br>Test class: testcases.TCID48</td>
<td></td>
<td>2</td>
<td>testcases.TCID48@68999068</td></tr>
<tr>
<td title='testcases.TCID49.back()'><b>back</b><br>Test class: testcases.TCID49</td>
<td></td>
<td>2</td>
<td>testcases.TCID49@647e447</td></tr>
<tr>
<td title='testcases.TCID47.backLogin()'><b>backLogin</b><br>Test class: testcases.TCID47</td>
<td></td>
<td>2</td>
<td>testcases.TCID47@3daa422a</td></tr>
<tr>
<td title='testcases.TCID31.checkoutLogged()'><b>checkoutLogged</b><br>Test class: testcases.TCID31</td>
<td></td>
<td>11</td>
<td>testcases.TCID31@bef2d72</td></tr>
<tr>
<td title='testcases.TCID37.clearClick()'><b>clearClick</b><br>Test class: testcases.TCID37</td>
<td></td>
<td>4</td>
<td>testcases.TCID37@460d0a57</td></tr>
<tr>
<td title='testcases.TCID53.emptyFname()'><b>emptyFname</b><br>Test class: testcases.TCID53</td>
<td></td>
<td>3</td>
<td>testcases.TCID53@20ce78ec</td></tr>
<tr>
<td title='testcases.TCID57.emptyLname()'><b>emptyLname</b><br>Test class: testcases.TCID57</td>
<td></td>
<td>9</td>
<td>testcases.TCID57@15ff3e9e</td></tr>
<tr>
<td title='testcases.TCID38.emptyLogin()'><b>emptyLogin</b><br>Test class: testcases.TCID38</td>
<td></td>
<td>2</td>
<td>testcases.TCID38@3d680b5a</td></tr>
<tr>
<td title='testcases.TCID46.emptyPass()'><b>emptyPass</b><br>Test class: testcases.TCID46</td>
<td></td>
<td>2</td>
<td>testcases.TCID46@31d7b7bf</td></tr>
<tr>
<td title='testcases.TCID54.fnamePositive()'><b>fnamePositive</b><br>Test class: testcases.TCID54</td>
<td></td>
<td>16</td>
<td>testcases.TCID54@6973b51b</td></tr>
<tr>
<td title='testcases.TCID45.forgotInValid()'><b>forgotInValid</b><br>Test class: testcases.TCID45</td>
<td></td>
<td>6</td>
<td>testcases.TCID45@76508ed1</td></tr>
<tr>
<td title='testcases.TCID43.forgotPass()'><b>forgotPass</b><br>Test class: testcases.TCID43</td>
<td></td>
<td>2</td>
<td>testcases.TCID43@7e0b85f9</td></tr>
<tr>
<td title='testcases.TCID44.forgotValid()'><b>forgotValid</b><br>Test class: testcases.TCID44</td>
<td></td>
<td>6</td>
<td>testcases.TCID44@50a638b5</td></tr>
<tr>
<td title='testcases.TCID50.logOut()'><b>logOut</b><br>Test class: testcases.TCID50</td>
<td></td>
<td>6</td>
<td>testcases.TCID50@49b0b76</td></tr>
<tr>
<td title='testcases.TCID39.loginEmpty()'><b>loginEmpty</b><br>Test class: testcases.TCID39</td>
<td></td>
<td>9</td>
<td>testcases.TCID39@470f1802</td></tr>
<tr>
<td title='testcases.TCID41.loginInvalid()'><b>loginInvalid</b><br>Test class: testcases.TCID41</td>
<td></td>
<td>13</td>
<td>testcases.TCID41@5bd03f44</td></tr>
<tr>
<td title='testcases.TCID40.loginValid()'><b>loginValid</b><br>Test class: testcases.TCID40</td>
<td></td>
<td>14</td>
<td>testcases.TCID40@36c88a32</td></tr>
<tr>
<td title='testcases.TCID36.lower()'><b>lower</b><br>Test class: testcases.TCID36</td>
<td></td>
<td>4</td>
<td>testcases.TCID36@6e0dec4a</td></tr>
<tr>
<td title='testcases.TCID30.newUserCheckout()'><b>newUserCheckout</b><br>Test class: testcases.TCID30</td>
<td></td>
<td>5</td>
<td>testcases.TCID30@71b1176b</td></tr>
<tr>
<td title='testcases.TCID42.oneValid()'><b>oneValid</b><br>Test class: testcases.TCID42</td>
<td></td>
<td>14</td>
<td>testcases.TCID42@353d0772</td></tr>
<tr>
<td title='testcases.TCID34.productDecrement()'><b>productDecrement</b><br>Test class: testcases.TCID34</td>
<td></td>
<td>6</td>
<td>testcases.TCID34@4313f5bc</td></tr>
<tr>
<td title='testcases.TCID33.productIncrement()'><b>productIncrement</b><br>Test class: testcases.TCID33</td>
<td></td>
<td>12</td>
<td>testcases.TCID33@12e61fe6</td></tr>
<tr>
<td title='testcases.TCID1.startTest()'><b>startTest</b><br>Test class: testcases.TCID1</td>
<td></td>
<td>15</td>
<td>testcases.TCID1@4e91d63f</td></tr>
<tr>
<td title='testcases.TCID35.upper()'><b>upper</b><br>Test class: testcases.TCID35</td>
<td></td>
<td>25</td>
<td>testcases.TCID35@20d28811</td></tr>
<tr>
<td title='testcases.TCID32.verify()'><b>verify</b><br>Test class: testcases.TCID32</td>
<td></td>
<td>2</td>
<td>testcases.TCID32@4b14c583</td></tr>
</table><p>
</body>
</html>