<?xml version="1.0" encoding="UTF-8"?>
<!-- Generated by org.testng.reporters.JUnitXMLReporter -->
<testsuite ignored="0" hostname="LAPTOP-21M1NBLT" failures="1" tests="1" name="TCID59" time="4.71" errors="0" timestamp="2020-03-17T21:21:39 IST">
  <testcase classname="testcases.TCID59" name="lastNameCheck" time="4.651">
    <failure type="java.lang.AssertionError" message="TCID &amp;lt;59&amp;gt; failed: &amp;lt;no show error message when give last name length as 16&amp;gt;">
      <![CDATA[java.lang.AssertionError: TCID <59> failed: <no show error message when give last name length as 16>
at automation.AutomationScript.lastNameValidation(AutomationScript.java:55)
at testcases.TCID59.lastNameCheck(TCID59.java:14)
at java.base/java.util.ArrayList.forEach(ArrayList.java:1507)
... Removed 28 stack frames]]>
    </failure>
  </testcase> <!-- lastNameCheck -->
</testsuite> <!-- TCID59 -->
