<?xml version="1.0" encoding="UTF-8"?>
<!-- Generated by org.testng.reporters.JUnitXMLReporter -->
<testsuite ignored="0" hostname="DESKTOP-26CSK06" failures="1" tests="1" name="TCID55" time="11.059" errors="0" timestamp="2020-03-21T13:29:01 IST">
  <testcase classname="testcases.TCID55" name="fnameNegative" time="11.046">
    <failure type="java.lang.AssertionError" message="TCID55 failed: Didnt show error message with negative test case2">
      <![CDATA[java.lang.AssertionError: TCID55 failed: Didnt show error message with negative test case2
at automation.AutomationScript.fnameNegativeLength(AutomationScript.java:903)
at testcases.TCID55.fnameNegative(TCID55.java:11)
at java.base/java.util.ArrayList.forEach(ArrayList.java:1507)
... Removed 28 stack frames]]>
    </failure>
  </testcase> <!-- fnameNegative -->
</testsuite> <!-- TCID55 -->
