<html>
<head>
<title>TestNG:  TCID115</title>
<link href="../testng.css" rel="stylesheet" type="text/css" />
<link href="../my-testng.css" rel="stylesheet" type="text/css" />

<style type="text/css">
.log { display: none;} 
.stack-trace { display: none;} 
</style>
<script type="text/javascript">
<!--
function flip(e) {
  current = e.style.display;
  if (current == 'block') {
    e.style.display = 'none';
    return 0;
  }
  else {
    e.style.display = 'block';
    return 1;
  }
}

function toggleBox(szDivId, elem, msg1, msg2)
{
  var res = -1;  if (document.getElementById) {
    res = flip(document.getElementById(szDivId));
  }
  else if (document.all) {
    // this is the way old msie versions work
    res = flip(document.all[szDivId]);
  }
  if(elem) {
    if(res == 0) elem.innerHTML = msg1; else elem.innerHTML = msg2;
  }

}

function toggleAllBoxes() {
  if (document.getElementsByTagName) {
    d = document.getElementsByTagName('div');
    for (i = 0; i < d.length; i++) {
      if (d[i].className == 'log') {
        flip(d[i]);
      }
    }
  }
}

// -->
</script>

</head>
<body>
<h2 align='center'>TCID115</h2><table border='1' align="center">
<tr>
<td>Tests passed/Failed/Skipped:</td><td>1/0/0</td>
</tr><tr>
<td>Started on:</td><td>Tue Mar 24 22:03:59 IST 2020</td>
</tr>
<tr><td>Total time:</td><td>11 seconds (11655 ms)</td>
</tr><tr>
<td>Included groups:</td><td></td>
</tr><tr>
<td>Excluded groups:</td><td></td>
</tr>
</table><p/>
<small><i>(Hover the method name to see the test class name)</i></small><p/>
<table width='100%' border='1' class='invocation-failed'>
<tr><td colspan='4' align='center'><b>FAILED TESTS</b></td></tr>
<tr><td><b>Test method</b></td>
<td width="30%"><b>Exception</b></td>
<td width="10%"><b>Time (seconds)</b></td>
<td><b>Instance</b></td>
</tr>
<tr>
<td title='testcases.TCID101.startTest101()'><b>startTest101</b><br>Test class: testcases.TCID101</td>
<td><div><pre>java.lang.AssertionError: TCID &lt;101&gt; failed: &lt;no show error message when  name field with invalid data&gt;
	at automation.AutomationScript.invalidNameContactUs(AutomationScript.java:666)
	at testcases.TCID101.startTest101(TCID101.java:11)
	at java.base/java.util.ArrayList.forEach(ArrayList.java:1507)
... Removed 28 stack frames</pre></div><a href='#' onClick='toggleBox("stack-trace1414924274", this, "Click to show all stack frames", "Click to hide stack frames")'>Click to show all stack frames</a>
<div class='stack-trace' id='stack-trace1414924274'><pre>java.lang.AssertionError: TCID &lt;101&gt; failed: &lt;no show error message when  name field with invalid data&gt;
	at org.testng.Assert.fail(Assert.java:97)
	at automation.AutomationScript.invalidNameContactUs(AutomationScript.java:666)
	at testcases.TCID101.startTest101(TCID101.java:11)
	at java.base/jdk.internal.reflect.NativeMethodAccessorImpl.invoke0(Native Method)
	at java.base/jdk.internal.reflect.NativeMethodAccessorImpl.invoke(NativeMethodAccessorImpl.java:62)
	at java.base/jdk.internal.reflect.DelegatingMethodAccessorImpl.invoke(DelegatingMethodAccessorImpl.java:43)
	at java.base/java.lang.reflect.Method.invoke(Method.java:567)
	at org.testng.internal.MethodInvocationHelper.invokeMethod(MethodInvocationHelper.java:134)
	at org.testng.internal.TestInvoker.invokeMethod(TestInvoker.java:597)
	at org.testng.internal.TestInvoker.invokeTestMethod(TestInvoker.java:173)
	at org.testng.internal.MethodRunner.runInSequence(MethodRunner.java:46)
	at org.testng.internal.TestInvoker$MethodInvocationAgent.invoke(TestInvoker.java:816)
	at org.testng.internal.TestInvoker.invokeTestMethods(TestInvoker.java:146)
	at org.testng.internal.TestMethodWorker.invokeTestMethods(TestMethodWorker.java:146)
	at org.testng.internal.TestMethodWorker.run(TestMethodWorker.java:128)
	at java.base/java.util.ArrayList.forEach(ArrayList.java:1507)
	at org.testng.TestRunner.privateRun(TestRunner.java:766)
	at org.testng.TestRunner.run(TestRunner.java:587)
	at org.testng.SuiteRunner.runTest(SuiteRunner.java:384)
	at org.testng.SuiteRunner.runSequentially(SuiteRunner.java:378)
	at org.testng.SuiteRunner.privateRun(SuiteRunner.java:337)
	at org.testng.SuiteRunner.run(SuiteRunner.java:286)
	at org.testng.SuiteRunnerWorker.runSuite(SuiteRunnerWorker.java:53)
	at org.testng.SuiteRunnerWorker.run(SuiteRunnerWorker.java:96)
	at org.testng.TestNG.runSuitesSequentially(TestNG.java:1187)
	at org.testng.TestNG.runSuitesLocally(TestNG.java:1109)
	at org.testng.TestNG.runSuites(TestNG.java:1039)
	at org.testng.TestNG.run(TestNG.java:1007)
	at org.testng.remote.AbstractRemoteTestNG.run(AbstractRemoteTestNG.java:115)
	at org.testng.remote.RemoteTestNG.initAndRun(RemoteTestNG.java:251)
	at org.testng.remote.RemoteTestNG.main(RemoteTestNG.java:77)
</pre></div></td>
<td>6</td>
<td>testcases.TCID101@433d61fb</td></tr>
<tr>
<td title='testcases.TCID108.startTest108()'><b>startTest108</b><br>Test class: testcases.TCID108</td>
<td><div><pre>java.lang.AssertionError: TCID &lt;108&gt; failed: &lt;no show error message when first name field with invalid data&gt;
	at automation.AutomationScript.invalidFname(AutomationScript.java:932)
	at testcases.TCID108.startTest108(TCID108.java:11)
	at java.base/java.util.ArrayList.forEach(ArrayList.java:1507)
... Removed 28 stack frames</pre></div><a href='#' onClick='toggleBox("stack-trace62182667", this, "Click to show all stack frames", "Click to hide stack frames")'>Click to show all stack frames</a>
<div class='stack-trace' id='stack-trace62182667'><pre>java.lang.AssertionError: TCID &lt;108&gt; failed: &lt;no show error message when first name field with invalid data&gt;
	at org.testng.Assert.fail(Assert.java:97)
	at automation.AutomationScript.invalidFname(AutomationScript.java:932)
	at testcases.TCID108.startTest108(TCID108.java:11)
	at java.base/jdk.internal.reflect.NativeMethodAccessorImpl.invoke0(Native Method)
	at java.base/jdk.internal.reflect.NativeMethodAccessorImpl.invoke(NativeMethodAccessorImpl.java:62)
	at java.base/jdk.internal.reflect.DelegatingMethodAccessorImpl.invoke(DelegatingMethodAccessorImpl.java:43)
	at java.base/java.lang.reflect.Method.invoke(Method.java:567)
	at org.testng.internal.MethodInvocationHelper.invokeMethod(MethodInvocationHelper.java:134)
	at org.testng.internal.TestInvoker.invokeMethod(TestInvoker.java:597)
	at org.testng.internal.TestInvoker.invokeTestMethod(TestInvoker.java:173)
	at org.testng.internal.MethodRunner.runInSequence(MethodRunner.java:46)
	at org.testng.internal.TestInvoker$MethodInvocationAgent.invoke(TestInvoker.java:816)
	at org.testng.internal.TestInvoker.invokeTestMethods(TestInvoker.java:146)
	at org.testng.internal.TestMethodWorker.invokeTestMethods(TestMethodWorker.java:146)
	at org.testng.internal.TestMethodWorker.run(TestMethodWorker.java:128)
	at java.base/java.util.ArrayList.forEach(ArrayList.java:1507)
	at org.testng.TestRunner.privateRun(TestRunner.java:766)
	at org.testng.TestRunner.run(TestRunner.java:587)
	at org.testng.SuiteRunner.runTest(SuiteRunner.java:384)
	at org.testng.SuiteRunner.runSequentially(SuiteRunner.java:378)
	at org.testng.SuiteRunner.privateRun(SuiteRunner.java:337)
	at org.testng.SuiteRunner.run(SuiteRunner.java:286)
	at org.testng.SuiteRunnerWorker.runSuite(SuiteRunnerWorker.java:53)
	at org.testng.SuiteRunnerWorker.run(SuiteRunnerWorker.java:96)
	at org.testng.TestNG.runSuitesSequentially(TestNG.java:1187)
	at org.testng.TestNG.runSuitesLocally(TestNG.java:1109)
	at org.testng.TestNG.runSuites(TestNG.java:1039)
	at org.testng.TestNG.run(TestNG.java:1007)
	at org.testng.remote.AbstractRemoteTestNG.run(AbstractRemoteTestNG.java:115)
	at org.testng.remote.RemoteTestNG.initAndRun(RemoteTestNG.java:251)
	at org.testng.remote.RemoteTestNG.main(RemoteTestNG.java:77)
</pre></div></td>
<td>6</td>
<td>testcases.TCID108@1622f1b</td></tr>
<tr>
<td title='testcases.TCID112.startTest112()'><b>startTest112</b><br>Test class: testcases.TCID112</td>
<td><div><pre>java.lang.AssertionError: TCID &lt;112&gt; failed: &lt;no show error message when last name with invalid data&gt;
	at automation.AutomationScript.invalidLname(AutomationScript.java:1124)
	at testcases.TCID112.startTest112(TCID112.java:12)
	at java.base/java.util.ArrayList.forEach(ArrayList.java:1507)
... Removed 28 stack frames</pre></div><a href='#' onClick='toggleBox("stack-trace865430810", this, "Click to show all stack frames", "Click to hide stack frames")'>Click to show all stack frames</a>
<div class='stack-trace' id='stack-trace865430810'><pre>java.lang.AssertionError: TCID &lt;112&gt; failed: &lt;no show error message when last name with invalid data&gt;
	at org.testng.Assert.fail(Assert.java:97)
	at automation.AutomationScript.invalidLname(AutomationScript.java:1124)
	at testcases.TCID112.startTest112(TCID112.java:12)
	at java.base/jdk.internal.reflect.NativeMethodAccessorImpl.invoke0(Native Method)
	at java.base/jdk.internal.reflect.NativeMethodAccessorImpl.invoke(NativeMethodAccessorImpl.java:62)
	at java.base/jdk.internal.reflect.DelegatingMethodAccessorImpl.invoke(DelegatingMethodAccessorImpl.java:43)
	at java.base/java.lang.reflect.Method.invoke(Method.java:567)
	at org.testng.internal.MethodInvocationHelper.invokeMethod(MethodInvocationHelper.java:134)
	at org.testng.internal.TestInvoker.invokeMethod(TestInvoker.java:597)
	at org.testng.internal.TestInvoker.invokeTestMethod(TestInvoker.java:173)
	at org.testng.internal.MethodRunner.runInSequence(MethodRunner.java:46)
	at org.testng.internal.TestInvoker$MethodInvocationAgent.invoke(TestInvoker.java:816)
	at org.testng.internal.TestInvoker.invokeTestMethods(TestInvoker.java:146)
	at org.testng.internal.TestMethodWorker.invokeTestMethods(TestMethodWorker.java:146)
	at org.testng.internal.TestMethodWorker.run(TestMethodWorker.java:128)
	at java.base/java.util.ArrayList.forEach(ArrayList.java:1507)
	at org.testng.TestRunner.privateRun(TestRunner.java:766)
	at org.testng.TestRunner.run(TestRunner.java:587)
	at org.testng.SuiteRunner.runTest(SuiteRunner.java:384)
	at org.testng.SuiteRunner.runSequentially(SuiteRunner.java:378)
	at org.testng.SuiteRunner.privateRun(SuiteRunner.java:337)
	at org.testng.SuiteRunner.run(SuiteRunner.java:286)
	at org.testng.SuiteRunnerWorker.runSuite(SuiteRunnerWorker.java:53)
	at org.testng.SuiteRunnerWorker.run(SuiteRunnerWorker.java:96)
	at org.testng.TestNG.runSuitesSequentially(TestNG.java:1187)
	at org.testng.TestNG.runSuitesLocally(TestNG.java:1109)
	at org.testng.TestNG.runSuites(TestNG.java:1039)
	at org.testng.TestNG.run(TestNG.java:1007)
	at org.testng.remote.AbstractRemoteTestNG.run(AbstractRemoteTestNG.java:115)
	at org.testng.remote.RemoteTestNG.initAndRun(RemoteTestNG.java:251)
	at org.testng.remote.RemoteTestNG.main(RemoteTestNG.java:77)
</pre></div></td>
<td>6</td>
<td>testcases.TCID112@5c30a9b0</td></tr>
</table><p>
<table width='100%' border='1' class='invocation-passed'>
<tr><td colspan='4' align='center'><b>PASSED TESTS</b></td></tr>
<tr><td><b>Test method</b></td>
<td width="30%"><b>Exception</b></td>
<td width="10%"><b>Time (seconds)</b></td>
<td><b>Instance</b></td>
</tr>
<tr>
<td title='testcases.TCID1.startTest()'><b>startTest</b><br>Test class: testcases.TCID1</td>
<td></td>
<td>9</td>
<td>testcases.TCID1@77167fb7</td></tr>
<tr>
<td title='testcases.TCID100.startTest100()'><b>startTest100</b><br>Test class: testcases.TCID100</td>
<td></td>
<td>7</td>
<td>testcases.TCID100@59d016c9</td></tr>
<tr>
<td title='testcases.TCID102.startTest102()'><b>startTest102</b><br>Test class: testcases.TCID102</td>
<td></td>
<td>7</td>
<td>testcases.TCID102@363ee3a2</td></tr>
<tr>
<td title='testcases.TCID103.startTest103()'><b>startTest103</b><br>Test class: testcases.TCID103</td>
<td></td>
<td>7</td>
<td>testcases.TCID103@3aefe5e5</td></tr>
<tr>
<td title='testcases.TCID104.startTest104()'><b>startTest104</b><br>Test class: testcases.TCID104</td>
<td></td>
<td>6</td>
<td>testcases.TCID104@1c93084c</td></tr>
<tr>
<td title='testcases.TCID105.startTest105()'><b>startTest105</b><br>Test class: testcases.TCID105</td>
<td></td>
<td>6</td>
<td>testcases.TCID105@6fe7aac8</td></tr>
<tr>
<td title='testcases.TCID106.startTest106()'><b>startTest106</b><br>Test class: testcases.TCID106</td>
<td></td>
<td>7</td>
<td>testcases.TCID106@5ae50ce6</td></tr>
<tr>
<td title='testcases.TCID107.startTest106()'><b>startTest106</b><br>Test class: testcases.TCID107</td>
<td></td>
<td>6</td>
<td>testcases.TCID107@4a22f9e2</td></tr>
<tr>
<td title='testcases.TCID109.startTest109()'><b>startTest109</b><br>Test class: testcases.TCID109</td>
<td></td>
<td>11</td>
<td>testcases.TCID109@34b7ac2f</td></tr>
<tr>
<td title='testcases.TCID110.startTest110()'><b>startTest110</b><br>Test class: testcases.TCID110</td>
<td></td>
<td>21</td>
<td>testcases.TCID110@a9cd3b1</td></tr>
<tr>
<td title='testcases.TCID111.startTest111()'><b>startTest111</b><br>Test class: testcases.TCID111</td>
<td></td>
<td>11</td>
<td>testcases.TCID111@9353778</td></tr>
<tr>
<td title='testcases.TCID113.startTest113()'><b>startTest113</b><br>Test class: testcases.TCID113</td>
<td></td>
<td>6</td>
<td>testcases.TCID113@6ca8564a</td></tr>
<tr>
<td title='testcases.TCID114.startTest114()'><b>startTest114</b><br>Test class: testcases.TCID114</td>
<td></td>
<td>21</td>
<td>testcases.TCID114@15c43bd9</td></tr>
<tr>
<td title='testcases.TCID115.startTest114()'><b>startTest114</b><br>Test class: testcases.TCID115</td>
<td></td>
<td>11</td>
<td>testcases.TCID115@31c88ec8</td></tr>
<tr>
<td title='testcases.TCID92.startTest92()'><b>startTest92</b><br>Test class: testcases.TCID92</td>
<td></td>
<td>63</td>
<td>testcases.TCID92@309e345f</td></tr>
<tr>
<td title='testcases.TCID93.startTest93()'><b>startTest93</b><br>Test class: testcases.TCID93</td>
<td></td>
<td>19</td>
<td>testcases.TCID93@54c562f7</td></tr>
<tr>
<td title='testcases.TCID94.startTest94()'><b>startTest94</b><br>Test class: testcases.TCID94</td>
<td></td>
<td>18</td>
<td>testcases.TCID94@163e4e87</td></tr>
<tr>
<td title='testcases.TCID95.startTest95()'><b>startTest95</b><br>Test class: testcases.TCID95</td>
<td></td>
<td>26</td>
<td>testcases.TCID95@48fa0f47</td></tr>
<tr>
<td title='testcases.TCID96.startTest96()'><b>startTest96</b><br>Test class: testcases.TCID96</td>
<td></td>
<td>10</td>
<td>testcases.TCID96@159f197</td></tr>
<tr>
<td title='testcases.TCID97.startTest97()'><b>startTest97</b><br>Test class: testcases.TCID97</td>
<td></td>
<td>10</td>
<td>testcases.TCID97@2b6faea6</td></tr>
</table><p>
</body>
</html>